{"/Users/anjali_nair/Documents/Work/Tech-University/e-commerce/src/handlers/category.handler.js": {"path":"/Users/anjali_nair/Documents/Work/Tech-University/e-commerce/src/handlers/category.handler.js","statementMap":{"0":{"start":{"line":1,"column":24},"end":{"line":1,"column":63}},"1":{"start":{"line":3,"column":23},"end":{"line":12,"column":1}},"2":{"start":{"line":4,"column":2},"end":{"line":11,"column":3}},"3":{"start":{"line":5,"column":25},"end":{"line":5,"column":35}},"4":{"start":{"line":6,"column":28},"end":{"line":6,"column":74}},"5":{"start":{"line":7,"column":4},"end":{"line":7,"column":49}},"6":{"start":{"line":9,"column":4},"end":{"line":9,"column":28}},"7":{"start":{"line":10,"column":4},"end":{"line":10,"column":92}},"8":{"start":{"line":14,"column":20},"end":{"line":25,"column":1}},"9":{"start":{"line":15,"column":2},"end":{"line":24,"column":3}},"10":{"start":{"line":18,"column":8},"end":{"line":18,"column":17}},"11":{"start":{"line":19,"column":21},"end":{"line":19,"column":64}},"12":{"start":{"line":20,"column":4},"end":{"line":20,"column":42}},"13":{"start":{"line":22,"column":4},"end":{"line":22,"column":28}},"14":{"start":{"line":23,"column":4},"end":{"line":23,"column":70}},"15":{"start":{"line":27,"column":17},"end":{"line":37,"column":1}},"16":{"start":{"line":28,"column":2},"end":{"line":36,"column":3}},"17":{"start":{"line":31,"column":8},"end":{"line":31,"column":17}},"18":{"start":{"line":32,"column":18},"end":{"line":32,"column":78}},"19":{"start":{"line":33,"column":4},"end":{"line":33,"column":39}},"20":{"start":{"line":35,"column":4},"end":{"line":35,"column":70}},"21":{"start":{"line":39,"column":0},"end":{"line":39,"column":59}}},"fnMap":{"0":{"name":"(anonymous_0)","decl":{"start":{"line":3,"column":23},"end":{"line":3,"column":24}},"loc":{"start":{"line":3,"column":43},"end":{"line":12,"column":1}},"line":3},"1":{"name":"(anonymous_1)","decl":{"start":{"line":14,"column":20},"end":{"line":14,"column":21}},"loc":{"start":{"line":14,"column":40},"end":{"line":25,"column":1}},"line":14},"2":{"name":"(anonymous_2)","decl":{"start":{"line":27,"column":17},"end":{"line":27,"column":18}},"loc":{"start":{"line":27,"column":37},"end":{"line":37,"column":1}},"line":27}},"branchMap":{},"s":{"0":1,"1":1,"2":2,"3":2,"4":1,"5":1,"6":1,"7":1,"8":1,"9":2,"10":2,"11":1,"12":1,"13":1,"14":1,"15":1,"16":2,"17":2,"18":1,"19":1,"20":1,"21":1},"f":{"0":2,"1":2,"2":2},"b":{},"_coverageSchema":"1a1c01bbd47fc00a2c39e90264f33305004495a9","hash":"d06fe0b14661258356e86846a62f2c92d50d8c27"}
,"/Users/anjali_nair/Documents/Work/Tech-University/e-commerce/src/models/category.js": {"path":"/Users/anjali_nair/Documents/Work/Tech-University/e-commerce/src/models/category.js","statementMap":{"0":{"start":{"line":4,"column":4},"end":{"line":4,"column":24}},"1":{"start":{"line":6,"column":0},"end":{"line":26,"column":2}},"2":{"start":{"line":17,"column":2},"end":{"line":24,"column":5}},"3":{"start":{"line":25,"column":2},"end":{"line":25,"column":18}}},"fnMap":{"0":{"name":"(anonymous_0)","decl":{"start":{"line":6,"column":17},"end":{"line":6,"column":18}},"loc":{"start":{"line":6,"column":43},"end":{"line":26,"column":1}},"line":6},"1":{"name":"(anonymous_1)","decl":{"start":{"line":13,"column":4},"end":{"line":13,"column":5}},"loc":{"start":{"line":13,"column":29},"end":{"line":15,"column":5}},"line":13}},"branchMap":{},"s":{"0":2,"1":2,"2":2,"3":2},"f":{"0":2,"1":2},"b":{},"_coverageSchema":"1a1c01bbd47fc00a2c39e90264f33305004495a9","hash":"4bae14300f0b51ec243c0ce6fc9e642db48347a6"}
,"/Users/anjali_nair/Documents/Work/Tech-University/e-commerce/src/models/index.js": {"path":"/Users/anjali_nair/Documents/Work/Tech-University/e-commerce/src/models/index.js","statementMap":{"0":{"start":{"line":3,"column":11},"end":{"line":3,"column":24}},"1":{"start":{"line":4,"column":13},"end":{"line":4,"column":28}},"2":{"start":{"line":5,"column":18},"end":{"line":5,"column":38}},"3":{"start":{"line":6,"column":17},"end":{"line":6,"column":42}},"4":{"start":{"line":7,"column":12},"end":{"line":7,"column":49}},"5":{"start":{"line":8,"column":15},"end":{"line":8,"column":65}},"6":{"start":{"line":9,"column":11},"end":{"line":9,"column":13}},"7":{"start":{"line":12,"column":0},"end":{"line":16,"column":1}},"8":{"start":{"line":13,"column":2},"end":{"line":13,"column":74}},"9":{"start":{"line":15,"column":2},"end":{"line":15,"column":87}},"10":{"start":{"line":18,"column":0},"end":{"line":26,"column":5}},"11":{"start":{"line":21,"column":4},"end":{"line":21,"column":90}},"12":{"start":{"line":24,"column":18},"end":{"line":24,"column":85}},"13":{"start":{"line":25,"column":4},"end":{"line":25,"column":27}},"14":{"start":{"line":28,"column":0},"end":{"line":32,"column":3}},"15":{"start":{"line":29,"column":2},"end":{"line":31,"column":3}},"16":{"start":{"line":30,"column":4},"end":{"line":30,"column":32}},"17":{"start":{"line":34,"column":0},"end":{"line":34,"column":25}},"18":{"start":{"line":35,"column":0},"end":{"line":35,"column":25}},"19":{"start":{"line":37,"column":0},"end":{"line":37,"column":20}}},"fnMap":{"0":{"name":"(anonymous_0)","decl":{"start":{"line":20,"column":10},"end":{"line":20,"column":11}},"loc":{"start":{"line":20,"column":18},"end":{"line":22,"column":3}},"line":20},"1":{"name":"(anonymous_1)","decl":{"start":{"line":23,"column":11},"end":{"line":23,"column":12}},"loc":{"start":{"line":23,"column":19},"end":{"line":26,"column":3}},"line":23},"2":{"name":"(anonymous_2)","decl":{"start":{"line":28,"column":24},"end":{"line":28,"column":25}},"loc":{"start":{"line":28,"column":37},"end":{"line":32,"column":1}},"line":28}},"branchMap":{"0":{"loc":{"start":{"line":7,"column":12},"end":{"line":7,"column":49}},"type":"binary-expr","locations":[{"start":{"line":7,"column":12},"end":{"line":7,"column":32}},{"start":{"line":7,"column":36},"end":{"line":7,"column":49}}],"line":7},"1":{"loc":{"start":{"line":12,"column":0},"end":{"line":16,"column":1}},"type":"if","locations":[{"start":{"line":12,"column":0},"end":{"line":16,"column":1}},{"start":{"line":12,"column":0},"end":{"line":16,"column":1}}],"line":12},"2":{"loc":{"start":{"line":21,"column":11},"end":{"line":21,"column":89}},"type":"binary-expr","locations":[{"start":{"line":21,"column":12},"end":{"line":21,"column":35}},{"start":{"line":21,"column":41},"end":{"line":21,"column":58}},{"start":{"line":21,"column":64},"end":{"line":21,"column":88}}],"line":21},"3":{"loc":{"start":{"line":29,"column":2},"end":{"line":31,"column":3}},"type":"if","locations":[{"start":{"line":29,"column":2},"end":{"line":31,"column":3}},{"start":{"line":29,"column":2},"end":{"line":31,"column":3}}],"line":29}},"s":{"0":2,"1":2,"2":2,"3":2,"4":2,"5":2,"6":2,"7":2,"8":0,"9":2,"10":2,"11":6,"12":4,"13":4,"14":2,"15":4,"16":4,"17":2,"18":2,"19":2},"f":{"0":6,"1":4,"2":4},"b":{"0":[2,0],"1":[0,2],"2":[6,6,4],"3":[4,0]},"_coverageSchema":"1a1c01bbd47fc00a2c39e90264f33305004495a9","hash":"11add88745e39195fdf643dcd74123748fcfa6fa"}
,"/Users/anjali_nair/Documents/Work/Tech-University/e-commerce/src/models/item.js": {"path":"/Users/anjali_nair/Documents/Work/Tech-University/e-commerce/src/models/item.js","statementMap":{"0":{"start":{"line":4,"column":4},"end":{"line":4,"column":24}},"1":{"start":{"line":5,"column":0},"end":{"line":29,"column":2}},"2":{"start":{"line":16,"column":2},"end":{"line":27,"column":5}},"3":{"start":{"line":28,"column":2},"end":{"line":28,"column":14}}},"fnMap":{"0":{"name":"(anonymous_0)","decl":{"start":{"line":5,"column":17},"end":{"line":5,"column":18}},"loc":{"start":{"line":5,"column":43},"end":{"line":29,"column":1}},"line":5},"1":{"name":"(anonymous_1)","decl":{"start":{"line":12,"column":4},"end":{"line":12,"column":5}},"loc":{"start":{"line":12,"column":29},"end":{"line":14,"column":5}},"line":12}},"branchMap":{},"s":{"0":2,"1":2,"2":2,"3":2},"f":{"0":2,"1":2},"b":{},"_coverageSchema":"1a1c01bbd47fc00a2c39e90264f33305004495a9","hash":"b1ff9dd95b25af17ccd9849cb15a3ce8509e758e"}
,"/Users/anjali_nair/Documents/Work/Tech-University/e-commerce/src/services/category.service.js": {"path":"/Users/anjali_nair/Documents/Work/Tech-University/e-commerce/src/services/category.service.js","statementMap":{"0":{"start":{"line":4,"column":14},"end":{"line":4,"column":38}},"1":{"start":{"line":5,"column":27},"end":{"line":5,"column":47}},"2":{"start":{"line":7,"column":23},"end":{"line":47,"column":1}},"3":{"start":{"line":8,"column":2},"end":{"line":46,"column":3}},"4":{"start":{"line":9,"column":26},"end":{"line":9,"column":81}},"5":{"start":{"line":10,"column":4},"end":{"line":13,"column":5}},"6":{"start":{"line":11,"column":6},"end":{"line":11,"column":66}},"7":{"start":{"line":12,"column":6},"end":{"line":12,"column":50}},"8":{"start":{"line":14,"column":23},"end":{"line":14,"column":25}},"9":{"start":{"line":16,"column":29},"end":{"line":16,"column":125}},"10":{"start":{"line":18,"column":31},"end":{"line":22,"column":6}},"11":{"start":{"line":19,"column":6},"end":{"line":19,"column":31}},"12":{"start":{"line":20,"column":27},"end":{"line":20,"column":114}},"13":{"start":{"line":21,"column":6},"end":{"line":21,"column":31}},"14":{"start":{"line":24,"column":29},"end":{"line":24,"column":66}},"15":{"start":{"line":26,"column":4},"end":{"line":36,"column":5}},"16":{"start":{"line":26,"column":21},"end":{"line":26,"column":22}},"17":{"start":{"line":27,"column":6},"end":{"line":35,"column":9}},"18":{"start":{"line":38,"column":28},"end":{"line":42,"column":6}},"19":{"start":{"line":43,"column":4},"end":{"line":43,"column":38}},"20":{"start":{"line":45,"column":4},"end":{"line":45,"column":18}},"21":{"start":{"line":49,"column":20},"end":{"line":66,"column":1}},"22":{"start":{"line":50,"column":2},"end":{"line":65,"column":3}},"23":{"start":{"line":51,"column":18},"end":{"line":51,"column":61}},"24":{"start":{"line":52,"column":19},"end":{"line":52,"column":21}},"25":{"start":{"line":53,"column":4},"end":{"line":53,"column":25}},"26":{"start":{"line":54,"column":4},"end":{"line":54,"column":31}},"27":{"start":{"line":55,"column":4},"end":{"line":55,"column":30}},"28":{"start":{"line":56,"column":4},"end":{"line":56,"column":31}},"29":{"start":{"line":57,"column":4},"end":{"line":61,"column":7}},"30":{"start":{"line":58,"column":6},"end":{"line":58,"column":56}},"31":{"start":{"line":59,"column":6},"end":{"line":59,"column":54}},"32":{"start":{"line":60,"column":6},"end":{"line":60,"column":56}},"33":{"start":{"line":62,"column":4},"end":{"line":62,"column":18}},"34":{"start":{"line":64,"column":4},"end":{"line":64,"column":18}},"35":{"start":{"line":68,"column":17},"end":{"line":86,"column":1}},"36":{"start":{"line":69,"column":25},"end":{"line":69,"column":27}},"37":{"start":{"line":70,"column":2},"end":{"line":72,"column":3}},"38":{"start":{"line":71,"column":4},"end":{"line":71,"column":39}},"39":{"start":{"line":73,"column":2},"end":{"line":75,"column":3}},"40":{"start":{"line":74,"column":4},"end":{"line":74,"column":33}},"41":{"start":{"line":76,"column":2},"end":{"line":78,"column":3}},"42":{"start":{"line":77,"column":4},"end":{"line":77,"column":31}},"43":{"start":{"line":79,"column":2},"end":{"line":81,"column":3}},"44":{"start":{"line":80,"column":4},"end":{"line":80,"column":33}},"45":{"start":{"line":82,"column":16},"end":{"line":84,"column":4}},"46":{"start":{"line":85,"column":2},"end":{"line":85,"column":15}},"47":{"start":{"line":88,"column":0},"end":{"line":88,"column":59}}},"fnMap":{"0":{"name":"(anonymous_0)","decl":{"start":{"line":7,"column":23},"end":{"line":7,"column":24}},"loc":{"start":{"line":7,"column":43},"end":{"line":47,"column":1}},"line":7},"1":{"name":"(anonymous_1)","decl":{"start":{"line":18,"column":70},"end":{"line":18,"column":71}},"loc":{"start":{"line":18,"column":86},"end":{"line":22,"column":5}},"line":18},"2":{"name":"(anonymous_2)","decl":{"start":{"line":49,"column":20},"end":{"line":49,"column":21}},"loc":{"start":{"line":49,"column":40},"end":{"line":66,"column":1}},"line":49},"3":{"name":"(anonymous_3)","decl":{"start":{"line":57,"column":18},"end":{"line":57,"column":19}},"loc":{"start":{"line":57,"column":28},"end":{"line":61,"column":5}},"line":57},"4":{"name":"(anonymous_4)","decl":{"start":{"line":68,"column":17},"end":{"line":68,"column":18}},"loc":{"start":{"line":68,"column":57},"end":{"line":86,"column":1}},"line":68}},"branchMap":{"0":{"loc":{"start":{"line":10,"column":4},"end":{"line":13,"column":5}},"type":"if","locations":[{"start":{"line":10,"column":4},"end":{"line":13,"column":5}},{"start":{"line":10,"column":4},"end":{"line":13,"column":5}}],"line":10},"1":{"loc":{"start":{"line":70,"column":2},"end":{"line":72,"column":3}},"type":"if","locations":[{"start":{"line":70,"column":2},"end":{"line":72,"column":3}},{"start":{"line":70,"column":2},"end":{"line":72,"column":3}}],"line":70},"2":{"loc":{"start":{"line":73,"column":2},"end":{"line":75,"column":3}},"type":"if","locations":[{"start":{"line":73,"column":2},"end":{"line":75,"column":3}},{"start":{"line":73,"column":2},"end":{"line":75,"column":3}}],"line":73},"3":{"loc":{"start":{"line":76,"column":2},"end":{"line":78,"column":3}},"type":"if","locations":[{"start":{"line":76,"column":2},"end":{"line":78,"column":3}},{"start":{"line":76,"column":2},"end":{"line":78,"column":3}}],"line":76},"4":{"loc":{"start":{"line":79,"column":2},"end":{"line":81,"column":3}},"type":"if","locations":[{"start":{"line":79,"column":2},"end":{"line":81,"column":3}},{"start":{"line":79,"column":2},"end":{"line":81,"column":3}}],"line":79}},"s":{"0":2,"1":2,"2":2,"3":3,"4":3,"5":3,"6":1,"7":1,"8":3,"9":3,"10":3,"11":2,"12":2,"13":2,"14":2,"15":2,"16":2,"17":2,"18":2,"19":2,"20":1,"21":2,"22":2,"23":2,"24":2,"25":2,"26":2,"27":2,"28":2,"29":2,"30":2,"31":2,"32":2,"33":2,"34":0,"35":2,"36":0,"37":0,"38":0,"39":0,"40":0,"41":0,"42":0,"43":0,"44":0,"45":0,"46":0,"47":2},"f":{"0":3,"1":2,"2":2,"3":2,"4":0},"b":{"0":[1,2],"1":[0,0],"2":[0,0],"3":[0,0],"4":[0,0]},"_coverageSchema":"1a1c01bbd47fc00a2c39e90264f33305004495a9","hash":"d218dccefefa103680dccc60abb5ea3a64c96428"}
}
